<?xml version="1.0" encoding="UTF-8"?>
<testsuite xmlns:xsi="http://www.w3.org/2001/XMLSchema-instance" xsi:noNamespaceSchemaLocation="https://maven.apache.org/surefire/maven-surefire-plugin/xsd/surefire-test-report-3.0.xsd" version="3.0" name="DemoTest" time="22.891" tests="5" errors="0" skipped="0" failures="0">
  <properties>
[...]
</properties>
  <testcase name="testSignInWithNoExistingAccount" classname="DemoTest" time="4.256">
    <system-err><![CDATA[Starting ChromeDriver 88.0.4324.96 (68dba2d8a0b149a1d3afac56fa74648032bcf46b-refs/branch-heads/4324@{#1784}) on port 40828
Only local connections are allowed.
Please see https://chromedriver.chromium.org/security-considerations for suggestions on keeping ChromeDriver safe.
ChromeDriver was started successfully.
[1618508865.431][WARNING]: This version of ChromeDriver has not been tested with Chrome version 89.
Apr 15, 2021 7:47:45 PM org.openqa.selenium.remote.ProtocolHandshake createSession
INFO: Detected dialect: W3C
]]></system-err>
  </testcase>
  <testcase name="testCreateAccount" classname="DemoTest" time="3.007"/>
  <testcase name="testPlaceOrder" classname="DemoTest" time="7.95"/>
  <testcase name="testSignInWithValidCredentials" classname="DemoTest" time="2.424"/>
  <testcase name="testAddClothesToCart" classname="DemoTest" time="2.715"/>
</testsuite>